<?xml version="1.0" encoding="UTF-8"?>
<!-- Generated by org.testng.reporters.JUnitXMLReporter -->
<testsuite ignored="2" hostname="DESKTOP-F2Q23RG" failures="0" tests="3" name="OrangeHRMLogin" time="17.366" errors="0" timestamp="2023-07-15T17:19:53 IST">
  <testcase classname="com.hyr.parameters.OrangeHRMTest" name="LaunchApp" time="3.805"/>
  <testcase classname="com.hyr.parameters.OrangeHRMTest" name="EnterLoginDetails" time="1.788"/>
  <testcase classname="com.hyr.parameters.OrangeHRMTest" name="VeriFyLogin" time="0.408"/>
  <testcase classname="com.hyr.parameters.OrangeHRMTest" name="VerifyMyInfo" time="0.0">
    <ignored/>
  </testcase> <!-- VerifyMyInfo -->
  <testcase classname="com.hyr.parameters.OrangeHRMTest" name="NavigateToMyInfoTab" time="0.0">
    <ignored/>
  </testcase> <!-- NavigateToMyInfoTab -->
</testsuite> <!-- OrangeHRMLogin -->
