<?xml version="1.0" encoding="UTF-8"?>
<!-- Generated by org.testng.reporters.JUnitXMLReporter -->
<testsuite ignored="1" hostname="DESKTOP-F2Q23RG" failures="0" tests="4" name="OrangeHRMMyInfo" time="12.517" errors="0" timestamp="2023-07-15T17:20:06 IST">
  <testcase classname="com.hyr.parameters.OrangeHRMTest" name="LaunchApp" time="3.783"/>
  <testcase classname="com.hyr.parameters.OrangeHRMTest" name="EnterLoginDetails" time="1.894"/>
  <testcase classname="com.hyr.parameters.OrangeHRMTest" name="NavigateToMyInfoTab" time="1.725"/>
  <testcase classname="com.hyr.parameters.OrangeHRMTest" name="VerifyMyInfo" time="0.418"/>
  <testcase classname="com.hyr.parameters.OrangeHRMTest" name="VeriFyLogin" time="0.0">
    <ignored/>
  </testcase> <!-- VeriFyLogin -->
</testsuite> <!-- OrangeHRMMyInfo -->
