<?xml version="1.0" encoding="UTF-8"?>
<!-- Generated by org.testng.reporters.JUnitXMLReporter -->
<testsuite ignored="1" hostname="DESKTOP-F2Q23RG" failures="0" tests="6" name="Test" time="0.162" errors="0" timestamp="2023-07-16T01:13:24 IST">
  <testcase classname="com.hyr.groups.NewTest1" name="Test1" time="0.025"/>
  <testcase classname="com.hyr.groups.NewTest1" name="Test2" time="0.004"/>
  <testcase classname="com.hyr.groups.NewTest1" name="Test3" time="0.004"/>
  <testcase classname="com.hyr.groups.NewTest2" name="Test4" time="0.005"/>
  <testcase classname="com.hyr.groups.NewTest2" name="Test5" time="0.003"/>
  <testcase classname="com.hyr.groups.NewTest2" name="Test6" time="0.003"/>
  <testcase classname="com.hyr.groups.NewTest2" name="Test7" time="0.0">
    <ignored/>
  </testcase> <!-- Test7 -->
</testsuite> <!-- Test -->
