<?xml version="1.0" encoding="UTF-8"?>
<testng-results ignored="0" total="2" passed="2" failed="0" skipped="0">
  <reporter-output>
  </reporter-output>
  <suite started-at="2023-09-07T17:07:40 IST" name="Default suite" finished-at="2023-09-07T17:08:07 IST" duration-ms="27272">
    <groups>
    </groups>
    <test started-at="2023-09-07T17:07:40 IST" name="Default test" finished-at="2023-09-07T17:08:07 IST" duration-ms="27272">
      <class name="com.hyr.Tests.FirstTest">
        <test-method signature="TestFacebook()[pri:0, instance:com.hyr.Tests.FirstTest@32eff876]" started-at="2023-09-07T17:07:40 IST" name="TestFacebook" finished-at="2023-09-07T17:07:57 IST" duration-ms="17702" status="PASS">
          <reporter-output>
          </reporter-output>
        </test-method> <!-- TestFacebook -->
        <test-method signature="TestGoogle()[pri:0, instance:com.hyr.Tests.FirstTest@32eff876]" started-at="2023-09-07T17:07:57 IST" name="TestGoogle" finished-at="2023-09-07T17:08:07 IST" duration-ms="9517" status="PASS">
          <reporter-output>
          </reporter-output>
        </test-method> <!-- TestGoogle -->
      </class> <!-- com.hyr.Tests.FirstTest -->
    </test> <!-- Default test -->
  </suite> <!-- Default suite -->
</testng-results>
